
> tmp-files-microservice@1.2.0 build /mnt/disk2/workspace/tmp-files-microservice
> nest build

[96msrc/app.module.ts[0m:[93m5[0m:[93m30[0m - [91merror[0m[90m TS2307: [0mCannot find module '@modules/health/health.module' or its corresponding type declarations.

[7m5[0m import { HealthModule } from '@modules/health/health.module'
[7m [0m [91m                             ~~~~~~~~~~~~~~~~~~~~~~~~~~~~~~~[0m
[96msrc/app.module.ts[0m:[93m6[0m:[93m37[0m - [91merror[0m[90m TS2307: [0mCannot find module '@common/filters/all-exceptions.filter' or its corresponding type declarations.

[7m6[0m import { AllExceptionsFilter } from '@common/filters/all-exceptions.filter'
[7m [0m [91m                                    ~~~~~~~~~~~~~~~~~~~~~~~~~~~~~~~~~~~~~~~[0m
[96msrc/app.module.ts[0m:[93m7[0m:[93m23[0m - [91merror[0m[90m TS2307: [0mCannot find module '@config/app.config' or its corresponding type declarations.

[7m7[0m import appConfig from '@config/app.config'
[7m [0m [91m                      ~~~~~~~~~~~~~~~~~~~~[0m
[96msrc/app.module.ts[0m:[93m8[0m:[93m32[0m - [91merror[0m[90m TS2307: [0mCannot find module '@config/app.config' or its corresponding type declarations.

[7m8[0m import type { AppConfig } from '@config/app.config'
[7m [0m [91m                               ~~~~~~~~~~~~~~~~~~~~[0m
[96msrc/app.module.ts[0m:[93m9[0m:[93m27[0m - [91merror[0m[90m TS2307: [0mCannot find module '@config/storage.config' or its corresponding type declarations.

[7m9[0m import storageConfig from '@config/storage.config'
[7m [0m [91m                          ~~~~~~~~~~~~~~~~~~~~~~~~[0m
[96msrc/app.module.ts[0m:[93m11[0m:[93m31[0m - [91merror[0m[90m TS2307: [0mCannot find module '@modules/storage/storage.module' or its corresponding type declarations.

[7m11[0m import { StorageModule } from '@modules/storage/storage.module'
[7m  [0m [91m                              ~~~~~~~~~~~~~~~~~~~~~~~~~~~~~~~~~[0m
[96msrc/app.module.ts[0m:[93m12[0m:[93m29[0m - [91merror[0m[90m TS2307: [0mCannot find module '@modules/files/files.module' or its corresponding type declarations.

[7m12[0m import { FilesModule } from '@modules/files/files.module'
[7m  [0m [91m                            ~~~~~~~~~~~~~~~~~~~~~~~~~~~~~[0m
[96msrc/app.module.ts[0m:[93m13[0m:[93m31[0m - [91merror[0m[90m TS2307: [0mCannot find module '@modules/cleanup/cleanup.module' or its corresponding type declarations.

[7m13[0m import { CleanupModule } from '@modules/cleanup/cleanup.module'
[7m  [0m [91m                              ~~~~~~~~~~~~~~~~~~~~~~~~~~~~~~~~~[0m
[96msrc/common/interfaces/storage.interface.ts[0m:[93m2[0m:[93m31[0m - [91merror[0m[90m TS2307: [0mCannot find module '@common/interfaces/file.interface' or its corresponding type declarations.

[7m2[0m import type { FileInfo } from '@common/interfaces/file.interface'
[7m [0m [91m                              ~~~~~~~~~~~~~~~~~~~~~~~~~~~~~~~~~~~[0m
[96msrc/common/utils/date.util.ts[0m:[93m5[0m:[93m17[0m - [91merror[0m[90m TS2307: [0mCannot find module 'dayjs/plugin/utc' or its corresponding type declarations.

[7m5[0m import utc from 'dayjs/plugin/utc'
[7m [0m [91m                ~~~~~~~~~~~~~~~~~~[0m
[96msrc/common/utils/date.util.ts[0m:[93m6[0m:[93m22[0m - [91merror[0m[90m TS2307: [0mCannot find module 'dayjs/plugin/timezone' or its corresponding type declarations.

[7m6[0m import timezone from 'dayjs/plugin/timezone'
[7m [0m [91m                     ~~~~~~~~~~~~~~~~~~~~~~~[0m
[96msrc/common/utils/date.util.ts[0m:[93m13[0m:[93m20[0m - [91merror[0m[90m TS2339: [0mProperty 'utc' does not exist on type 'Dayjs'.

[7m13[0m     return dayjs().utc()
[7m  [0m [91m                   ~~~[0m
[96msrc/common/utils/date.util.ts[0m:[93m17[0m:[93m20[0m - [91merror[0m[90m TS2339: [0mProperty 'tz' does not exist on type 'Dayjs'.

[7m17[0m     return dayjs().tz(tz)
[7m  [0m [91m                   ~~[0m
[96msrc/common/utils/date.util.ts[0m:[93m21[0m:[93m20[0m - [91merror[0m[90m TS2339: [0mProperty 'utc' does not exist on type 'Dayjs'.

[7m21[0m     return dayjs().utc().add(amount, unit)
[7m  [0m [91m                   ~~~[0m
[96msrc/common/utils/date.util.ts[0m:[93m25[0m:[93m24[0m - [91merror[0m[90m TS2339: [0mProperty 'utc' does not exist on type 'Dayjs'.

[7m25[0m     return dayjs(date).utc().add(amount, unit)
[7m  [0m [91m                       ~~~[0m
[96msrc/common/utils/date.util.ts[0m:[93m29[0m:[93m20[0m - [91merror[0m[90m TS2339: [0mProperty 'utc' does not exist on type 'Dayjs'.

[7m29[0m     return dayjs().utc().isAfter(dayjs(expiresAt).utc())
[7m  [0m [91m                   ~~~[0m
[96msrc/common/utils/date.util.ts[0m:[93m29[0m:[93m51[0m - [91merror[0m[90m TS2339: [0mProperty 'utc' does not exist on type 'Dayjs'.

[7m29[0m     return dayjs().utc().isAfter(dayjs(expiresAt).utc())
[7m  [0m [91m                                                  ~~~[0m
[96msrc/common/utils/date.util.ts[0m:[93m33[0m:[93m20[0m - [91merror[0m[90m TS2339: [0mProperty 'utc' does not exist on type 'Dayjs'.

[7m33[0m     return dayjs().utc().add(ttlSeconds, 'seconds').toDate()
[7m  [0m [91m                   ~~~[0m
[96msrc/common/utils/date.util.ts[0m:[93m37[0m:[93m24[0m - [91merror[0m[90m TS2339: [0mProperty 'utc' does not exist on type 'Dayjs'.

[7m37[0m     return dayjs(date).utc().add(ttlSeconds, 'seconds').toDate()
[7m  [0m [91m                       ~~~[0m
[96msrc/common/utils/date.util.ts[0m:[93m41[0m:[93m24[0m - [91merror[0m[90m TS2339: [0mProperty 'utc' does not exist on type 'Dayjs'.

[7m41[0m     return dayjs(date).utc().format(format)
[7m  [0m [91m                       ~~~[0m
[96msrc/common/utils/date.util.ts[0m:[93m45[0m:[93m24[0m - [91merror[0m[90m TS2339: [0mProperty 'tz' does not exist on type 'Dayjs'.

[7m45[0m     return dayjs(date).tz(tz).format(format)
[7m  [0m [91m                       ~~[0m
[96msrc/common/utils/date.util.ts[0m:[93m49[0m:[93m24[0m - [91merror[0m[90m TS2339: [0mProperty 'utc' does not exist on type 'Dayjs'.

[7m49[0m     return dayjs(date).utc()
[7m  [0m [91m                       ~~~[0m
[96msrc/common/utils/date.util.ts[0m:[93m53[0m:[93m24[0m - [91merror[0m[90m TS2339: [0mProperty 'tz' does not exist on type 'Dayjs'.

[7m53[0m     return dayjs(date).tz(tz)
[7m  [0m [91m                       ~~[0m
[96msrc/common/utils/date.util.ts[0m:[93m57[0m:[93m25[0m - [91merror[0m[90m TS2339: [0mProperty 'utc' does not exist on type 'Dayjs'.

[7m57[0m     return dayjs(date1).utc().isAfter(dayjs(date2).utc())
[7m  [0m [91m                        ~~~[0m
[96msrc/common/utils/date.util.ts[0m:[93m57[0m:[93m52[0m - [91merror[0m[90m TS2339: [0mProperty 'utc' does not exist on type 'Dayjs'.

[7m57[0m     return dayjs(date1).utc().isAfter(dayjs(date2).utc())
[7m  [0m [91m                                                   ~~~[0m
[96msrc/common/utils/date.util.ts[0m:[93m61[0m:[93m25[0m - [91merror[0m[90m TS2339: [0mProperty 'utc' does not exist on type 'Dayjs'.

[7m61[0m     return dayjs(date1).utc().isBefore(dayjs(date2).utc())
[7m  [0m [91m                        ~~~[0m
[96msrc/common/utils/date.util.ts[0m:[93m61[0m:[93m53[0m - [91merror[0m[90m TS2339: [0mProperty 'utc' does not exist on type 'Dayjs'.

[7m61[0m     return dayjs(date1).utc().isBefore(dayjs(date2).utc())
[7m  [0m [91m                                                    ~~~[0m
[96msrc/common/utils/date.util.ts[0m:[93m65[0m:[93m25[0m - [91merror[0m[90m TS2339: [0mProperty 'utc' does not exist on type 'Dayjs'.

[7m65[0m     return dayjs(date1).utc().isSame(dayjs(date2).utc())
[7m  [0m [91m                        ~~~[0m
[96msrc/common/utils/date.util.ts[0m:[93m65[0m:[93m51[0m - [91merror[0m[90m TS2339: [0mProperty 'utc' does not exist on type 'Dayjs'.

[7m65[0m     return dayjs(date1).utc().isSame(dayjs(date2).utc())
[7m  [0m [91m                                                  ~~~[0m
[96msrc/common/utils/date.util.ts[0m:[93m69[0m:[93m25[0m - [91merror[0m[90m TS2339: [0mProperty 'utc' does not exist on type 'Dayjs'.

[7m69[0m     return dayjs(date1).utc().diff(dayjs(date2).utc(), 'seconds')
[7m  [0m [91m                        ~~~[0m
[96msrc/common/utils/date.util.ts[0m:[93m69[0m:[93m49[0m - [91merror[0m[90m TS2339: [0mProperty 'utc' does not exist on type 'Dayjs'.

[7m69[0m     return dayjs(date1).utc().diff(dayjs(date2).utc(), 'seconds')
[7m  [0m [91m                                                ~~~[0m
[96msrc/common/utils/date.util.ts[0m:[93m73[0m:[93m25[0m - [91merror[0m[90m TS2339: [0mProperty 'utc' does not exist on type 'Dayjs'.

[7m73[0m     return dayjs(date1).utc().diff(dayjs(date2).utc(), 'minutes')
[7m  [0m [91m                        ~~~[0m
[96msrc/common/utils/date.util.ts[0m:[93m73[0m:[93m49[0m - [91merror[0m[90m TS2339: [0mProperty 'utc' does not exist on type 'Dayjs'.

[7m73[0m     return dayjs(date1).utc().diff(dayjs(date2).utc(), 'minutes')
[7m  [0m [91m                                                ~~~[0m
[96msrc/common/utils/date.util.ts[0m:[93m77[0m:[93m25[0m - [91merror[0m[90m TS2339: [0mProperty 'utc' does not exist on type 'Dayjs'.

[7m77[0m     return dayjs(date1).utc().diff(dayjs(date2).utc(), 'hours')
[7m  [0m [91m                        ~~~[0m
[96msrc/common/utils/date.util.ts[0m:[93m77[0m:[93m49[0m - [91merror[0m[90m TS2339: [0mProperty 'utc' does not exist on type 'Dayjs'.

[7m77[0m     return dayjs(date1).utc().diff(dayjs(date2).utc(), 'hours')
[7m  [0m [91m                                                ~~~[0m
[96msrc/common/utils/date.util.ts[0m:[93m81[0m:[93m25[0m - [91merror[0m[90m TS2339: [0mProperty 'utc' does not exist on type 'Dayjs'.

[7m81[0m     return dayjs(date1).utc().diff(dayjs(date2).utc(), 'days')
[7m  [0m [91m                        ~~~[0m
[96msrc/common/utils/date.util.ts[0m:[93m81[0m:[93m49[0m - [91merror[0m[90m TS2339: [0mProperty 'utc' does not exist on type 'Dayjs'.

[7m81[0m     return dayjs(date1).utc().diff(dayjs(date2).utc(), 'days')
[7m  [0m [91m                                                ~~~[0m
[96msrc/common/utils/date.util.ts[0m:[93m85[0m:[93m30[0m - [91merror[0m[90m TS2339: [0mProperty 'utc' does not exist on type 'Dayjs'.

[7m85[0m     return dayjs(dateString).utc()
[7m  [0m [91m                             ~~~[0m
[96msrc/common/utils/date.util.ts[0m:[93m89[0m:[93m29[0m - [91merror[0m[90m TS2339: [0mProperty 'utc' does not exist on type 'Dayjs'.

[7m89[0m     return dayjs(timestamp).utc()
[7m  [0m [91m                            ~~~[0m
[96msrc/common/utils/date.util.ts[0m:[93m93[0m:[93m24[0m - [91merror[0m[90m TS2339: [0mProperty 'utc' does not exist on type 'Dayjs'.

[7m93[0m     return dayjs(date).utc().valueOf()
[7m  [0m [91m                       ~~~[0m
[96msrc/common/utils/date.util.ts[0m:[93m97[0m:[93m24[0m - [91merror[0m[90m TS2339: [0mProperty 'utc' does not exist on type 'Dayjs'.

[7m97[0m     return dayjs(date).utc().toISOString()
[7m  [0m [91m                       ~~~[0m
[96msrc/common/utils/date.util.ts[0m:[93m105[0m:[93m24[0m - [91merror[0m[90m TS2339: [0mProperty 'utc' does not exist on type 'Dayjs'.

[7m105[0m     return dayjs(date).utc().startOf('day')
[7m   [0m [91m                       ~~~[0m
[96msrc/common/utils/date.util.ts[0m:[93m109[0m:[93m24[0m - [91merror[0m[90m TS2339: [0mProperty 'utc' does not exist on type 'Dayjs'.

[7m109[0m     return dayjs(date).utc().endOf('day')
[7m   [0m [91m                       ~~~[0m
[96msrc/common/utils/date.util.ts[0m:[93m113[0m:[93m24[0m - [91merror[0m[90m TS2339: [0mProperty 'utc' does not exist on type 'Dayjs'.

[7m113[0m     return dayjs(date).utc().startOf('month')
[7m   [0m [91m                       ~~~[0m
[96msrc/common/utils/date.util.ts[0m:[93m117[0m:[93m24[0m - [91merror[0m[90m TS2339: [0mProperty 'utc' does not exist on type 'Dayjs'.

[7m117[0m     return dayjs(date).utc().endOf('month')
[7m   [0m [91m                       ~~~[0m
[96msrc/common/utils/date.util.ts[0m:[93m121[0m:[93m24[0m - [91merror[0m[90m TS2339: [0mProperty 'utc' does not exist on type 'Dayjs'.

[7m121[0m     return dayjs(date).utc().startOf('year')
[7m   [0m [91m                       ~~~[0m
[96msrc/common/utils/date.util.ts[0m:[93m125[0m:[93m24[0m - [91merror[0m[90m TS2339: [0mProperty 'utc' does not exist on type 'Dayjs'.

[7m125[0m     return dayjs(date).utc().endOf('year')
[7m   [0m [91m                       ~~~[0m
[96msrc/common/utils/filename.util.ts[0m:[93m3[0m:[93m26[0m - [91merror[0m[90m TS2307: [0mCannot find module './hash.util' or its corresponding type declarations.

[7m3[0m import { HashUtil } from './hash.util'
[7m [0m [91m                         ~~~~~~~~~~~~~[0m
[96msrc/common/utils/validation.util.ts[0m:[93m1[0m:[93m45[0m - [91merror[0m[90m TS2307: [0mCannot find module '@common/interfaces/file.interface' or its corresponding type declarations.

[7m1[0m import type { FileInfo, UploadedFile } from '@common/interfaces/file.interface'
[7m [0m [91m                                            ~~~~~~~~~~~~~~~~~~~~~~~~~~~~~~~~~~~[0m
[96msrc/main.ts[0m:[93m7[0m:[93m27[0m - [91merror[0m[90m TS2307: [0mCannot find module '@/app.module' or its corresponding type declarations.

[7m7[0m import { AppModule } from '@/app.module'
[7m [0m [91m                          ~~~~~~~~~~~~~~[0m
[96msrc/main.ts[0m:[93m8[0m:[93m32[0m - [91merror[0m[90m TS2307: [0mCannot find module '@config/app.config' or its corresponding type declarations.

[7m8[0m import type { AppConfig } from '@config/app.config'
[7m [0m [91m                               ~~~~~~~~~~~~~~~~~~~~[0m
[96msrc/main.ts[0m:[93m9[0m:[93m32[0m - [91merror[0m[90m TS2307: [0mCannot find module '@common/constants/http.constants' or its corresponding type declarations.

[7m9[0m import { HTTP_CONSTANTS } from '@common/constants/http.constants'
[7m [0m [91m                               ~~~~~~~~~~~~~~~~~~~~~~~~~~~~~~~~~~[0m
[96msrc/modules/cleanup/cleanup.controller.ts[0m:[93m9[0m:[93m32[0m - [91merror[0m[90m TS2307: [0mCannot find module './cleanup.service' or its corresponding type declarations.

[7m9[0m import { CleanupService } from './cleanup.service'
[7m [0m [91m                               ~~~~~~~~~~~~~~~~~~~[0m
[96msrc/modules/cleanup/cleanup.module.ts[0m:[93m2[0m:[93m32[0m - [91merror[0m[90m TS2307: [0mCannot find module './cleanup.service' or its corresponding type declarations.

[7m2[0m import { CleanupService } from './cleanup.service'
[7m [0m [91m                               ~~~~~~~~~~~~~~~~~~~[0m
[96msrc/modules/cleanup/cleanup.module.ts[0m:[93m3[0m:[93m31[0m - [91merror[0m[90m TS2307: [0mCannot find module '@modules/storage/storage.module' or its corresponding type declarations.

[7m3[0m import { StorageModule } from '@modules/storage/storage.module'
[7m [0m [91m                              ~~~~~~~~~~~~~~~~~~~~~~~~~~~~~~~~~[0m
[96msrc/modules/cleanup/cleanup.module.ts[0m:[93m4[0m:[93m35[0m - [91merror[0m[90m TS2307: [0mCannot find module './cleanup.controller' or its corresponding type declarations.

[7m4[0m import { CleanupController } from './cleanup.controller'
[7m [0m [91m                                  ~~~~~~~~~~~~~~~~~~~~~~[0m
[96msrc/modules/cleanup/cleanup.service.ts[0m:[93m4[0m:[93m32[0m - [91merror[0m[90m TS2307: [0mCannot find module '@modules/storage/storage.service' or its corresponding type declarations.

[7m4[0m import { StorageService } from '@modules/storage/storage.service'
[7m [0m [91m                               ~~~~~~~~~~~~~~~~~~~~~~~~~~~~~~~~~~[0m
[96msrc/modules/files/download.controller.ts[0m:[93m11[0m:[93m30[0m - [91merror[0m[90m TS2307: [0mCannot find module './files.service' or its corresponding type declarations.

[7m11[0m import { FilesService } from './files.service'
[7m  [0m [91m                             ~~~~~~~~~~~~~~~~~[0m
[96msrc/modules/files/files.controller.ts[0m:[93m22[0m:[93m8[0m - [91merror[0m[90m TS2307: [0mCannot find module './files.service' or its corresponding type declarations.

[7m22[0m } from './files.service'
[7m  [0m [91m       ~~~~~~~~~~~~~~~~~[0m
[96msrc/modules/files/files.controller.ts[0m:[93m23[0m:[93m32[0m - [91merror[0m[90m TS2307: [0mCannot find module '@common/utils/validation.util' or its corresponding type declarations.

[7m23[0m import { ValidationUtil } from '@common/utils/validation.util'
[7m  [0m [91m                               ~~~~~~~~~~~~~~~~~~~~~~~~~~~~~~~[0m
[96msrc/modules/files/files.module.ts[0m:[93m2[0m:[93m33[0m - [91merror[0m[90m TS2307: [0mCannot find module './files.controller' or its corresponding type declarations.

[7m2[0m import { FilesController } from './files.controller'
[7m [0m [91m                                ~~~~~~~~~~~~~~~~~~~~[0m
[96msrc/modules/files/files.module.ts[0m:[93m3[0m:[93m36[0m - [91merror[0m[90m TS2307: [0mCannot find module './download.controller' or its corresponding type declarations.

[7m3[0m import { DownloadController } from './download.controller'
[7m [0m [91m                                   ~~~~~~~~~~~~~~~~~~~~~~~[0m
[96msrc/modules/files/files.module.ts[0m:[93m4[0m:[93m30[0m - [91merror[0m[90m TS2307: [0mCannot find module './files.service' or its corresponding type declarations.

[7m4[0m import { FilesService } from './files.service'
[7m [0m [91m                             ~~~~~~~~~~~~~~~~~[0m
[96msrc/modules/files/files.module.ts[0m:[93m5[0m:[93m31[0m - [91merror[0m[90m TS2307: [0mCannot find module '@modules/storage/storage.module' or its corresponding type declarations.

[7m5[0m import { StorageModule } from '@modules/storage/storage.module'
[7m [0m [91m                              ~~~~~~~~~~~~~~~~~~~~~~~~~~~~~~~~~[0m
[96msrc/modules/files/files.service.ts[0m:[93m10[0m:[93m26[0m - [91merror[0m[90m TS2307: [0mCannot find module '@common/utils/date.util' or its corresponding type declarations.

[7m10[0m import { DateUtil } from '@common/utils/date.util'
[7m  [0m [91m                         ~~~~~~~~~~~~~~~~~~~~~~~~~[0m
[96msrc/modules/files/files.service.ts[0m:[93m11[0m:[93m32[0m - [91merror[0m[90m TS2307: [0mCannot find module '@modules/storage/storage.service' or its corresponding type declarations.

[7m11[0m import { StorageService } from '@modules/storage/storage.service'
[7m  [0m [91m                               ~~~~~~~~~~~~~~~~~~~~~~~~~~~~~~~~~~[0m
[96msrc/modules/files/files.service.ts[0m:[93m12[0m:[93m32[0m - [91merror[0m[90m TS2307: [0mCannot find module '@common/utils/validation.util' or its corresponding type declarations.

[7m12[0m import { ValidationUtil } from '@common/utils/validation.util'
[7m  [0m [91m                               ~~~~~~~~~~~~~~~~~~~~~~~~~~~~~~~[0m
[96msrc/modules/files/files.service.ts[0m:[93m13[0m:[93m40[0m - [91merror[0m[90m TS2307: [0mCannot find module '@common/interfaces/file.interface' or its corresponding type declarations.

[7m13[0m import { UploadedFile, FileInfo } from '@common/interfaces/file.interface'
[7m  [0m [91m                                       ~~~~~~~~~~~~~~~~~~~~~~~~~~~~~~~~~~~[0m
[96msrc/modules/files/files.service.ts[0m:[93m14[0m:[93m32[0m - [91merror[0m[90m TS2307: [0mCannot find module '@config/app.config' or its corresponding type declarations.

[7m14[0m import type { AppConfig } from '@config/app.config'
[7m  [0m [91m                               ~~~~~~~~~~~~~~~~~~~~[0m
[96msrc/modules/files/files.service.ts[0m:[93m15[0m:[93m39[0m - [91merror[0m[90m TS2307: [0mCannot find module '@config/storage.config' or its corresponding type declarations.

[7m15[0m import type { StorageAppConfig } from '@config/storage.config'
[7m  [0m [91m                                      ~~~~~~~~~~~~~~~~~~~~~~~~[0m
[96msrc/modules/files/files.service.ts[0m:[93m132[0m:[93m41[0m - [91merror[0m[90m TS7006: [0mParameter 'e' implicitly has an 'any' type.

[7m132[0m         const tooLarge = v.errors.some((e) => e.includes('exceeds maximum allowed size'))
[7m   [0m [91m                                        ~[0m
[96msrc/modules/files/files.service.ts[0m:[93m308[0m:[93m45[0m - [91merror[0m[90m TS7006: [0mParameter 'f' implicitly has an 'any' type.

[7m308[0m       const files = searchResult.files.map((f) => this.toFileResponse(f))
[7m   [0m [91m                                            ~[0m
[96msrc/modules/health/health.module.ts[0m:[93m2[0m:[93m34[0m - [91merror[0m[90m TS2307: [0mCannot find module './health.controller' or its corresponding type declarations.

[7m2[0m import { HealthController } from './health.controller'
[7m [0m [91m                                 ~~~~~~~~~~~~~~~~~~~~~[0m
[96msrc/modules/storage/storage.module.ts[0m:[93m2[0m:[93m32[0m - [91merror[0m[90m TS2307: [0mCannot find module './storage.service' or its corresponding type declarations.

[7m2[0m import { StorageService } from './storage.service'
[7m [0m [91m                               ~~~~~~~~~~~~~~~~~~~[0m
[96msrc/modules/storage/storage.service.ts[0m:[93m7[0m:[93m39[0m - [91merror[0m[90m TS2307: [0mCannot find module '@config/storage.config' or its corresponding type declarations.

[7m7[0m import type { StorageAppConfig } from '@config/storage.config'
[7m [0m [91m                                      ~~~~~~~~~~~~~~~~~~~~~~~~[0m
[96msrc/modules/storage/storage.service.ts[0m:[93m14[0m:[93m8[0m - [91merror[0m[90m TS2307: [0mCannot find module '@common/interfaces/file.interface' or its corresponding type declarations.

[7m14[0m } from '@common/interfaces/file.interface'
[7m  [0m [91m       ~~~~~~~~~~~~~~~~~~~~~~~~~~~~~~~~~~~[0m
[96msrc/modules/storage/storage.service.ts[0m:[93m22[0m:[93m8[0m - [91merror[0m[90m TS2307: [0mCannot find module '@common/interfaces/storage.interface' or its corresponding type declarations.

[7m22[0m } from '@common/interfaces/storage.interface'
[7m  [0m [91m       ~~~~~~~~~~~~~~~~~~~~~~~~~~~~~~~~~~~~~~[0m
[96msrc/modules/storage/storage.service.ts[0m:[93m23[0m:[93m26[0m - [91merror[0m[90m TS2307: [0mCannot find module '@common/utils/hash.util' or its corresponding type declarations.

[7m23[0m import { HashUtil } from '@common/utils/hash.util'
[7m  [0m [91m                         ~~~~~~~~~~~~~~~~~~~~~~~~~[0m
[96msrc/modules/storage/storage.service.ts[0m:[93m24[0m:[93m30[0m - [91merror[0m[90m TS2307: [0mCannot find module '@common/utils/filename.util' or its corresponding type declarations.

[7m24[0m import { FilenameUtil } from '@common/utils/filename.util'
[7m  [0m [91m                             ~~~~~~~~~~~~~~~~~~~~~~~~~~~~~[0m
[96msrc/modules/storage/storage.service.ts[0m:[93m25[0m:[93m26[0m - [91merror[0m[90m TS2307: [0mCannot find module '@common/utils/date.util' or its corresponding type declarations.

[7m25[0m import { DateUtil } from '@common/utils/date.util'
[7m  [0m [91m                         ~~~~~~~~~~~~~~~~~~~~~~~~~[0m
[96msrc/modules/storage/storage.service.ts[0m:[93m26[0m:[93m35[0m - [91merror[0m[90m TS2307: [0mCannot find module '@common/constants/storage.constants' or its corresponding type declarations.

[7m26[0m import { STORAGE_CONSTANTS } from '@common/constants/storage.constants'
[7m  [0m [91m                                  ~~~~~~~~~~~~~~~~~~~~~~~~~~~~~~~~~~~~~[0m
[96msrc/modules/storage/storage.service.ts[0m:[93m271[0m:[93m60[0m - [91merror[0m[90m TS18046: [0m'file' is of type 'unknown'.

[7m271[0m         files = files.filter((file) => !DateUtil.isExpired(file.expiresAt))
[7m   [0m [91m                                                           ~~~~[0m
[96msrc/modules/storage/storage.service.ts[0m:[93m275[0m:[93m40[0m - [91merror[0m[90m TS18046: [0m'file' is of type 'unknown'.

[7m275[0m         files = files.filter((file) => file.mimeType === params.mimeType)
[7m   [0m [91m                                       ~~~~[0m
[96msrc/modules/storage/storage.service.ts[0m:[93m278[0m:[93m40[0m - [91merror[0m[90m TS18046: [0m'file' is of type 'unknown'.

[7m278[0m         files = files.filter((file) => file.size >= params.minSize!)
[7m   [0m [91m                                       ~~~~[0m
[96msrc/modules/storage/storage.service.ts[0m:[93m281[0m:[93m40[0m - [91merror[0m[90m TS18046: [0m'file' is of type 'unknown'.

[7m281[0m         files = files.filter((file) => file.size <= params.maxSize!)
[7m   [0m [91m                                       ~~~~[0m
[96msrc/modules/storage/storage.service.ts[0m:[93m284[0m:[93m57[0m - [91merror[0m[90m TS18046: [0m'file' is of type 'unknown'.

[7m284[0m         files = files.filter((file) => DateUtil.isAfter(file.uploadedAt, params.uploadedAfter!))
[7m   [0m [91m                                                        ~~~~[0m
[96msrc/modules/storage/storage.service.ts[0m:[93m287[0m:[93m58[0m - [91merror[0m[90m TS18046: [0m'file' is of type 'unknown'.

[7m287[0m         files = files.filter((file) => DateUtil.isBefore(file.uploadedAt, params.uploadedBefore!))
[7m   [0m [91m                                                         ~~~~[0m
[96msrc/modules/storage/storage.service.ts[0m:[93m290[0m:[93m59[0m - [91merror[0m[90m TS18046: [0m'file' is of type 'unknown'.

[7m290[0m         files = files.filter((file) => DateUtil.isExpired(file.expiresAt))
[7m   [0m [91m                                                          ~~~~[0m
[96msrc/modules/storage/storage.service.ts[0m:[93m293[0m:[93m49[0m - [91merror[0m[90m TS18046: [0m'b' is of type 'unknown'.

[7m293[0m       files.sort((a, b) => DateUtil.toTimestamp(b.uploadedAt) - DateUtil.toTimestamp(a.uploadedAt))
[7m   [0m [91m                                                ~[0m
[96msrc/modules/storage/storage.service.ts[0m:[93m293[0m:[93m86[0m - [91merror[0m[90m TS18046: [0m'a' is of type 'unknown'.

[7m293[0m       files.sort((a, b) => DateUtil.toTimestamp(b.uploadedAt) - DateUtil.toTimestamp(a.uploadedAt))
[7m   [0m [91m                                                                                     ~[0m
[96msrc/modules/storage/storage.service.ts[0m:[93m315[0m:[93m25[0m - [91merror[0m[90m TS18046: [0m'file' is of type 'unknown'.

[7m315[0m         filesByMimeType[file.mimeType] = (filesByMimeType[file.mimeType] || 0) + 1
[7m   [0m [91m                        ~~~~[0m
[96msrc/modules/storage/storage.service.ts[0m:[93m315[0m:[93m59[0m - [91merror[0m[90m TS18046: [0m'file' is of type 'unknown'.

[7m315[0m         filesByMimeType[file.mimeType] = (filesByMimeType[file.mimeType] || 0) + 1
[7m   [0m [91m                                                          ~~~~[0m
[96msrc/modules/storage/storage.service.ts[0m:[93m316[0m:[93m41[0m - [91merror[0m[90m TS18046: [0m'file' is of type 'unknown'.

[7m316[0m         const dateKey = DateUtil.format(file.uploadedAt, 'YYYY-MM-DD')
[7m   [0m [91m                                        ~~~~[0m
[96msrc/modules/storage/storage.service.ts[0m:[93m322[0m:[93m51[0m - [91merror[0m[90m TS18046: [0m'f' is of type 'unknown'.

[7m322[0m         totalSize: files.reduce((sum, f) => sum + f.size, 0),
[7m   [0m [91m                                                  ~[0m
[96msrc/modules/storage/storage.service.ts[0m:[93m451[0m:[93m35[0m - [91merror[0m[90m TS18046: [0m'file' is of type 'unknown'.

[7m451[0m       return files.find((file) => file.hash === hash) || null
[7m   [0m [91m                                  ~~~~[0m

Found 95 error(s).

â€‰ELIFECYCLEâ€‰ Command failed with exit code 1.
